2025-08-24 17:50:06,694 - ERPLogin - ERROR - 读取配置文件失败: name 'json' is not defined
2025-08-24 17:51:06,070 - ERPLogin - ERROR - 浏览器驱动初始化失败: Message: Unable to obtain driver for chrome; For documentation on this error, please visit: https://www.selenium.dev/documentation/webdriver/troubleshooting/errors/driver_location

2025-08-24 17:53:18,298 - WDM - INFO - ====== WebDriver manager ======
2025-08-24 17:53:18,918 - WDM - INFO - Get LATEST chromedriver version for google-chrome
2025-08-24 17:53:19,586 - WDM - INFO - Get LATEST chromedriver version for google-chrome
2025-08-24 17:53:20,122 - WDM - INFO - There is no [win64] chromedriver "139.0.7258.138" for browser google-chrome "139.0.7258" in cache
2025-08-24 17:53:20,131 - WDM - INFO - Get LATEST chromedriver version for google-chrome
2025-08-24 17:53:21,803 - WDM - INFO - WebDriver version 139.0.7258.138 selected
2025-08-24 17:53:21,806 - WDM - INFO - Modern chrome version https://storage.googleapis.com/chrome-for-testing-public/139.0.7258.138/win32/chromedriver-win32.zip
2025-08-24 17:53:21,806 - WDM - INFO - About to download new driver from https://storage.googleapis.com/chrome-for-testing-public/139.0.7258.138/win32/chromedriver-win32.zip
2025-08-24 17:53:22,251 - WDM - INFO - Driver downloading response is 200
2025-08-24 17:53:27,554 - WDM - INFO - Get LATEST chromedriver version for google-chrome
2025-08-24 17:53:29,097 - WDM - INFO - Driver has been saved in cache [C:\Users\hgz_x1\.wdm\drivers\chromedriver\win64\139.0.7258.138]
2025-08-24 17:53:34,981 - ERPLogin - INFO - 浏览器驱动初始化成功
2025-08-24 17:53:35,718 - ERPLogin - INFO - 打开登录页面: http://erp.ex.cosmosource.com:24080/csom/index.html
2025-08-24 17:53:48,846 - ERPLogin - ERROR - 登录过程中出错: Message: 
Stacktrace:
	GetHandleVerifier [0x0xc2ffc3+65331]
	GetHandleVerifier [0x0xc30004+65396]
	(No symbol) [0x0xa23f63]
	(No symbol) [0x0xa6c99e]
	(No symbol) [0x0xa6cd3b]
	(No symbol) [0x0xab53d2]
	(No symbol) [0x0xa91524]
	(No symbol) [0x0xab2bcb]
	(No symbol) [0x0xa912d6]
	(No symbol) [0x0xa60910]
	(No symbol) [0x0xa61784]
	GetHandleVerifier [0x0xe738b3+2439203]
	GetHandleVerifier [0x0xe6eae2+2419282]
	GetHandleVerifier [0x0xc5712a+225434]
	GetHandleVerifier [0x0xc46e08+159096]
	GetHandleVerifier [0x0xc4dd5d+187597]
	GetHandleVerifier [0x0xc37ad8+96840]
	GetHandleVerifier [0x0xc37c62+97234]
	GetHandleVerifier [0x0xc2277a+9962]
	BaseThreadInitThunk [0x0x76645d49+25]
	RtlInitializeExceptionChain [0x0x771dd2fb+107]
	RtlGetAppContainerNamedObjectPath [0x0x771dd281+561]

2025-08-24 17:53:50,963 - ERPLogin - INFO - 浏览器已关闭
2025-08-24 18:03:57,626 - ERPLogin - INFO - 成功读取配置文件: base/conf/erp-config.json
2025-08-24 18:03:57,627 - ERPLogin - INFO - 成功读取元素ID配置文件: base/conf/erp-element-ids.json
2025-08-24 18:03:57,627 - ERPLogin - INFO - 最终使用的元素ID: {'username': 'username', 'password': 'password', 'captcha': 'captcha', 'captchaImg': 'captchaImg', 'loginBtn': 'loginBtn', 'mainContent': 'mainContent'}
2025-08-24 18:03:57,627 - WDM - INFO - ====== WebDriver manager ======
2025-08-24 18:03:58,318 - WDM - INFO - Get LATEST chromedriver version for google-chrome
2025-08-24 18:03:59,624 - WDM - INFO - Get LATEST chromedriver version for google-chrome
2025-08-24 18:04:00,263 - WDM - INFO - Driver [C:\Users\hgz_x1\.wdm\drivers\chromedriver\win64\139.0.7258.138\chromedriver-win32/chromedriver.exe] found in cache
2025-08-24 18:06:38,689 - ERPLoginMain - INFO - 开始ERP登录演示
2025-08-24 18:06:38,690 - ERPLogin - INFO - 成功读取配置文件: base/conf/erp-config.json
2025-08-24 18:06:38,690 - ERPLogin - INFO - 成功读取元素ID配置文件: base/conf/erp-element-ids.json
2025-08-24 18:06:38,690 - ERPLogin - INFO - 最终使用的元素ID: {'username': 'username', 'password': 'password', 'captcha': 'captcha', 'captchaImg': 'captchaImg', 'loginBtn': 'loginBtn', 'mainContent': 'mainContent'}
2025-08-24 18:06:38,690 - WDM - INFO - ====== WebDriver manager ======
2025-08-24 18:06:39,344 - WDM - INFO - Get LATEST chromedriver version for google-chrome
2025-08-24 18:06:39,976 - WDM - INFO - Get LATEST chromedriver version for google-chrome
2025-08-24 18:06:40,611 - WDM - INFO - Driver [C:\Users\hgz_x1\.wdm\drivers\chromedriver\win64\139.0.7258.138\chromedriver-win32/chromedriver.exe] found in cache
2025-08-24 18:06:41,680 - ERPLogin - INFO - 浏览器驱动初始化成功
2025-08-24 18:06:42,349 - ERPLoginMain - ERROR - 程序执行过程中出错: name 'logger' is not defined
Traceback (most recent call last):
  File "d:\PyProject\AdminAssistent\base\erp_login.py", line 133, in login
    logger.info(f"打开登录页面: {self.url}")
    ^^^^^^
NameError: name 'logger' is not defined. Did you mean: 'self.logger'?

During handling of the above exception, another exception occurred:

Traceback (most recent call last):
  File "d:\PyProject\AdminAssistent\base\erp_login.py", line 332, in main
    if erp_login.login():
       ~~~~~~~~~~~~~~~^^
  File "d:\PyProject\AdminAssistent\base\erp_login.py", line 186, in login
    logger.error(f"登录过程中出错: {str(e)}")
    ^^^^^^
NameError: name 'logger' is not defined. Did you mean: 'self.logger'?
2025-08-24 18:09:26,504 - ERPLoginMain - INFO - 开始ERP登录演示
2025-08-24 18:09:26,505 - ERPLogin - INFO - 成功读取配置文件: base/conf/erp-config.json
2025-08-24 18:09:26,506 - ERPLogin - INFO - 成功读取元素ID配置文件: base/conf/erp-element-ids.json
2025-08-24 18:09:26,506 - ERPLogin - INFO - 最终使用的元素ID: {'username': 'username', 'password': 'password', 'captcha': 'captcha', 'captchaImg': 'captchaImg', 'loginBtn': 'loginBtn', 'mainContent': 'mainContent'}
2025-08-24 18:09:26,506 - WDM - INFO - ====== WebDriver manager ======
2025-08-24 18:09:27,288 - WDM - INFO - Get LATEST chromedriver version for google-chrome
2025-08-24 18:09:28,178 - WDM - INFO - Get LATEST chromedriver version for google-chrome
2025-08-24 18:09:28,810 - WDM - INFO - Driver [C:\Users\hgz_x1\.wdm\drivers\chromedriver\win64\139.0.7258.138\chromedriver-win32/chromedriver.exe] found in cache
2025-08-24 18:09:29,880 - ERPLogin - INFO - 浏览器驱动初始化成功
2025-08-24 18:09:30,619 - ERPLogin - INFO - 打开登录页面: http://erp.ex.cosmosource.com:24080/csom/index.html
2025-08-24 18:09:43,869 - ERPLogin - ERROR - 定位用户名输入框失败: Message: 
Stacktrace:
	GetHandleVerifier [0x0xc2ffc3+65331]
	GetHandleVerifier [0x0xc30004+65396]
	(No symbol) [0x0xa23f63]
	(No symbol) [0x0xa6c99e]
	(No symbol) [0x0xa6cd3b]
	(No symbol) [0x0xab53d2]
	(No symbol) [0x0xa91524]
	(No symbol) [0x0xab2bcb]
	(No symbol) [0x0xa912d6]
	(No symbol) [0x0xa60910]
	(No symbol) [0x0xa61784]
	GetHandleVerifier [0x0xe738b3+2439203]
	GetHandleVerifier [0x0xe6eae2+2419282]
	GetHandleVerifier [0x0xc5712a+225434]
	GetHandleVerifier [0x0xc46e08+159096]
	GetHandleVerifier [0x0xc4dd5d+187597]
	GetHandleVerifier [0x0xc37ad8+96840]
	GetHandleVerifier [0x0xc37c62+97234]
	GetHandleVerifier [0x0xc2277a+9962]
	BaseThreadInitThunk [0x0x76645d49+25]
	RtlInitializeExceptionChain [0x0x771dd2fb+107]
	RtlGetAppContainerNamedObjectPath [0x0x771dd281+561]

2025-08-24 18:09:43,870 - ERPLogin - ERROR - 使用的元素ID: username
2025-08-24 18:09:43,870 - ERPLoginMain - ERROR - ERP登录失败
2025-08-24 18:09:46,027 - ERPLogin - INFO - 浏览器已关闭
2025-08-24 18:10:11,541 - ERPLoginMain - INFO - 开始ERP登录演示
2025-08-24 18:10:11,542 - ERPLogin - INFO - 成功读取配置文件: base/conf/erp-config.json
2025-08-24 18:10:11,542 - ERPLogin - INFO - 成功读取元素ID配置文件: base/conf/erp-element-ids.json
2025-08-24 18:10:11,542 - ERPLogin - INFO - 最终使用的元素ID: {'username': 'username', 'password': 'password', 'captcha': 'captcha', 'captchaImg': 'captchaImg', 'loginBtn': 'loginBtn', 'mainContent': 'mainContent'}
2025-08-24 18:10:11,542 - WDM - INFO - ====== WebDriver manager ======
2025-08-24 18:10:12,204 - WDM - INFO - Get LATEST chromedriver version for google-chrome
2025-08-24 18:10:12,798 - WDM - INFO - Get LATEST chromedriver version for google-chrome
2025-08-24 18:10:13,614 - WDM - INFO - Driver [C:\Users\hgz_x1\.wdm\drivers\chromedriver\win64\139.0.7258.138\chromedriver-win32/chromedriver.exe] found in cache
2025-08-24 18:10:14,673 - ERPLogin - INFO - 浏览器驱动初始化成功
2025-08-24 18:10:15,459 - ERPLogin - INFO - 打开登录页面: http://erp.ex.cosmosource.com:24080/csom/index.html
2025-08-24 18:10:25,716 - ERPLogin - ERROR - 定位用户名输入框失败: Message: invalid session id: session deleted as the browser has closed the connection
from disconnected: not connected to DevTools
  (Session info: chrome=139.0.7258.139); For documentation on this error, please visit: https://www.selenium.dev/documentation/webdriver/troubleshooting/errors#invalidsessionidexception
Stacktrace:
	GetHandleVerifier [0x0xc2ffc3+65331]
	GetHandleVerifier [0x0xc30004+65396]
	(No symbol) [0x0xa23f63]
	(No symbol) [0x0xa138e0]
	(No symbol) [0x0xa31709]
	(No symbol) [0x0xa97e4c]
	(No symbol) [0x0xab24d9]
	(No symbol) [0x0xa912d6]
	(No symbol) [0x0xa60910]
	(No symbol) [0x0xa61784]
	GetHandleVerifier [0x0xe738b3+2439203]
	GetHandleVerifier [0x0xe6eae2+2419282]
	GetHandleVerifier [0x0xc5712a+225434]
	GetHandleVerifier [0x0xc46e08+159096]
	GetHandleVerifier [0x0xc4dd5d+187597]
	GetHandleVerifier [0x0xc37ad8+96840]
	GetHandleVerifier [0x0xc37c62+97234]
	GetHandleVerifier [0x0xc2277a+9962]
	BaseThreadInitThunk [0x0x76645d49+25]
	RtlInitializeExceptionChain [0x0x771dd2fb+107]
	RtlGetAppContainerNamedObjectPath [0x0x771dd281+561]

2025-08-24 18:10:25,717 - ERPLogin - ERROR - 使用的元素ID: username
2025-08-24 18:10:25,717 - ERPLoginMain - ERROR - ERP登录失败
2025-08-24 18:10:27,796 - ERPLogin - INFO - 浏览器已关闭
2025-08-24 18:54:17,880 - ERPLoginMain - INFO - 开始ERP登录演示
2025-08-24 18:54:17,881 - ERPLogin - INFO - 成功读取配置文件: base/conf/erp-config.json
2025-08-24 18:54:17,881 - ERPLogin - INFO - 成功读取元素ID配置文件: base/conf/erp-element-ids.json
2025-08-24 18:54:17,881 - ERPLogin - INFO - 最终使用的元素ID: {'username': 'userName', 'password': 'passWord', 'captcha': 'verify', 'captchaImg': 'code_img', 'loginBtn': 'btn', 'mainContent': 'content'}
2025-08-24 18:54:17,882 - WDM - INFO - ====== WebDriver manager ======
2025-08-24 18:54:19,116 - WDM - INFO - Get LATEST chromedriver version for google-chrome
2025-08-24 18:54:30,008 - WDM - INFO - Get LATEST chromedriver version for google-chrome
2025-08-24 18:54:30,934 - WDM - INFO - Driver [C:\Users\hgz_x1\.wdm\drivers\chromedriver\win64\139.0.7258.138\chromedriver-win32/chromedriver.exe] found in cache
2025-08-24 18:54:32,128 - ERPLogin - INFO - 浏览器驱动初始化成功
2025-08-24 18:54:32,924 - ERPLogin - INFO - 打开登录页面: http://erp.ex.cosmosource.com:24080/csom/index.html
2025-08-24 18:54:37,346 - ERPLogin - INFO - 输入用户名: heguangzhong
2025-08-24 18:54:37,471 - ERPLogin - INFO - 输入密码
2025-08-24 18:54:37,487 - ERPLogin - INFO - 验证码图片加载完成
2025-08-24 18:54:37,760 - ERPLogin - INFO - 验证码图片已保存到: D:\PyProject\AdminAssistent\captcha.png
2025-08-24 18:59:46,438 - urllib3.connectionpool - WARNING - Retrying (Retry(total=2, connect=None, read=None, redirect=None, status=None)) after connection broken by 'ConnectionResetError(10054, 'An existing connection was forcibly closed by the remote host', None, 10054, None)': /session/18d7f1ca6a066d942319f88a59970231
2025-08-24 18:59:50,492 - urllib3.connectionpool - WARNING - Retrying (Retry(total=1, connect=None, read=None, redirect=None, status=None)) after connection broken by 'NewConnectionError('<urllib3.connection.HTTPConnection object at 0x00000213E77111D0>: Failed to establish a new connection: [WinError 10061] No connection could be made because the target machine actively refused it')': /session/18d7f1ca6a066d942319f88a59970231
2025-08-24 18:59:54,573 - urllib3.connectionpool - WARNING - Retrying (Retry(total=0, connect=None, read=None, redirect=None, status=None)) after connection broken by 'NewConnectionError('<urllib3.connection.HTTPConnection object at 0x00000213E7711310>: Failed to establish a new connection: [WinError 10061] No connection could be made because the target machine actively refused it')': /session/18d7f1ca6a066d942319f88a59970231
2025-08-24 18:59:58,629 - ERPLogin - INFO - 浏览器已关闭
2025-08-24 19:02:19,447 - ERPLoginMain - INFO - 开始ERP登录演示
2025-08-24 19:02:19,448 - ERPLogin - INFO - 成功读取配置文件: base/conf/erp-config.json
2025-08-24 19:02:19,448 - ERPLogin - INFO - 成功读取元素ID配置文件: base/conf/erp-element-ids.json
2025-08-24 19:02:19,449 - ERPLogin - INFO - 最终使用的元素ID: {'username': 'userName', 'password': 'passWord', 'captcha': 'verify', 'captchaImg': 'code_img', 'loginBtn': 'btn', 'mainContent': 'content'}
2025-08-24 19:02:19,449 - WDM - INFO - ====== WebDriver manager ======
2025-08-24 19:02:20,835 - WDM - INFO - Get LATEST chromedriver version for google-chrome
2025-08-24 19:02:31,844 - WDM - INFO - Get LATEST chromedriver version for google-chrome
2025-08-24 19:02:32,719 - WDM - INFO - Driver [C:\Users\hgz_x1\.wdm\drivers\chromedriver\win64\139.0.7258.138\chromedriver-win32/chromedriver.exe] found in cache
2025-08-24 19:02:33,905 - ERPLogin - INFO - 浏览器驱动初始化成功
2025-08-24 19:02:34,539 - ERPLogin - INFO - 打开登录页面: http://erp.ex.cosmosource.com:24080/csom/index.html
2025-08-24 19:02:40,347 - ERPLogin - INFO - 输入用户名: heguangzhong
2025-08-24 19:02:40,465 - ERPLogin - INFO - 输入密码
2025-08-24 19:02:40,484 - ERPLogin - INFO - 验证码图片加载完成
2025-08-24 19:02:40,675 - ERPLogin - INFO - 验证码图片已保存到: D:\PyProject\AdminAssistent\captcha.png
2025-08-24 19:02:40,677 - ERPLogin - WARNING - Tesseract OCR未安装或未配置，跳过自动识别
2025-08-24 19:02:40,678 - ERPLogin - WARNING - 自动识别验证码失败，请手动输入
2025-08-24 19:06:29,323 - urllib3.connectionpool - WARNING - Retrying (Retry(total=2, connect=None, read=None, redirect=None, status=None)) after connection broken by 'ConnectionResetError(10054, 'An existing connection was forcibly closed by the remote host', None, 10054, None)': /session/af45c97a9458dbf50124783ce0f70c4a
2025-08-24 19:06:33,401 - urllib3.connectionpool - WARNING - Retrying (Retry(total=1, connect=None, read=None, redirect=None, status=None)) after connection broken by 'NewConnectionError('<urllib3.connection.HTTPConnection object at 0x0000020DBB0420D0>: Failed to establish a new connection: [WinError 10061] No connection could be made because the target machine actively refused it')': /session/af45c97a9458dbf50124783ce0f70c4a
2025-08-24 19:06:37,479 - urllib3.connectionpool - WARNING - Retrying (Retry(total=0, connect=None, read=None, redirect=None, status=None)) after connection broken by 'NewConnectionError('<urllib3.connection.HTTPConnection object at 0x0000020DBB042210>: Failed to establish a new connection: [WinError 10061] No connection could be made because the target machine actively refused it')': /session/af45c97a9458dbf50124783ce0f70c4a
2025-08-24 19:06:41,546 - ERPLogin - INFO - 浏览器已关闭
2025-08-24 19:08:04,801 - ERPLoginMain - INFO - 开始ERP登录演示
2025-08-24 19:08:04,803 - easyocr.easyocr - WARNING - Using CPU. Note: This module is much faster with a GPU.
2025-08-24 19:08:05,018 - easyocr.easyocr - WARNING - Downloading recognition model, please wait. This may take several minutes depending upon your network connection.
2025-08-24 19:08:34,845 - easyocr.easyocr - INFO - Download complete.
2025-08-24 19:08:36,475 - ERPLogin - INFO - EasyOCR初始化成功
2025-08-24 19:08:36,476 - ERPLogin - INFO - 成功读取配置文件: base/conf/erp-config.json
2025-08-24 19:08:36,477 - ERPLogin - INFO - 成功读取元素ID配置文件: base/conf/erp-element-ids.json
2025-08-24 19:08:36,477 - ERPLogin - INFO - 最终使用的元素ID: {'username': 'userName', 'password': 'passWord', 'captcha': 'verify', 'captchaImg': 'code_img', 'loginBtn': 'btn', 'mainContent': 'content'}
2025-08-24 19:08:36,477 - WDM - INFO - ====== WebDriver manager ======
2025-08-24 19:08:37,717 - WDM - INFO - Get LATEST chromedriver version for google-chrome
2025-08-24 19:08:49,095 - WDM - INFO - Get LATEST chromedriver version for google-chrome
2025-08-24 19:08:49,994 - WDM - INFO - Driver [C:\Users\hgz_x1\.wdm\drivers\chromedriver\win64\139.0.7258.138\chromedriver-win32/chromedriver.exe] found in cache
2025-08-24 19:08:51,240 - ERPLogin - INFO - 浏览器驱动初始化成功
2025-08-24 19:08:51,834 - ERPLogin - INFO - 打开登录页面: http://erp.ex.cosmosource.com:24080/csom/index.html
2025-08-24 19:08:56,220 - ERPLogin - INFO - 输入用户名: heguangzhong
2025-08-24 19:08:56,408 - ERPLogin - INFO - 输入密码
2025-08-24 19:08:56,433 - ERPLogin - INFO - 验证码图片加载完成
2025-08-24 19:08:56,656 - ERPLogin - INFO - 验证码图片已保存到: D:\PyProject\AdminAssistent\captcha.png
2025-08-24 19:08:56,998 - ERPLogin - INFO - 自动识别验证码成功: BVL
2025-08-24 19:08:57,090 - ERPLogin - INFO - 输入验证码: BVL
2025-08-24 19:08:57,322 - ERPLogin - INFO - 点击登录按钮
2025-08-24 19:09:02,348 - ERPLogin - INFO - 找到登录成功标志元素: content
2025-08-24 19:09:02,349 - ERPLogin - INFO - 登录成功
2025-08-24 19:09:02,349 - ERPLoginMain - INFO - ERP登录成功
2025-08-24 19:09:02,350 - ERPLoginMain - ERROR - 程序执行过程中出错: ERPLogin.perform_operation() missing 1 required positional argument: 'operation_name'
Traceback (most recent call last):
  File "D:\PyProject\AdminAssistent\base\erp_login.py", line 400, in main
    erp_login.perform_operation()
    ~~~~~~~~~~~~~~~~~~~~~~~~~~~^^
TypeError: ERPLogin.perform_operation() missing 1 required positional argument: 'operation_name'
2025-08-24 19:09:02,351 - ERPLogin - INFO - 已退出登录
2025-08-24 19:09:04,502 - ERPLogin - INFO - 浏览器已关闭
2025-08-24 19:09:26,095 - ERPLoginMain - INFO - 开始ERP登录演示
2025-08-24 19:09:26,097 - easyocr.easyocr - WARNING - Using CPU. Note: This module is much faster with a GPU.
2025-08-24 19:09:27,998 - ERPLogin - INFO - EasyOCR初始化成功
2025-08-24 19:09:27,999 - ERPLogin - INFO - 成功读取配置文件: base/conf/erp-config.json
2025-08-24 19:09:28,000 - ERPLogin - INFO - 成功读取元素ID配置文件: base/conf/erp-element-ids.json
2025-08-24 19:09:28,000 - ERPLogin - INFO - 最终使用的元素ID: {'username': 'userName', 'password': 'passWord', 'captcha': 'verify', 'captchaImg': 'code_img', 'loginBtn': 'btn', 'mainContent': 'content'}
2025-08-24 19:09:28,000 - WDM - INFO - ====== WebDriver manager ======
2025-08-24 19:09:29,394 - WDM - INFO - Get LATEST chromedriver version for google-chrome
2025-08-24 19:09:30,537 - WDM - INFO - Get LATEST chromedriver version for google-chrome
2025-08-24 19:09:31,889 - WDM - INFO - Driver [C:\Users\hgz_x1\.wdm\drivers\chromedriver\win64\139.0.7258.138\chromedriver-win32/chromedriver.exe] found in cache
2025-08-24 19:09:33,072 - ERPLogin - INFO - 浏览器驱动初始化成功
2025-08-24 19:09:33,767 - ERPLogin - INFO - 打开登录页面: http://erp.ex.cosmosource.com:24080/csom/index.html
2025-08-24 19:09:37,690 - ERPLogin - INFO - 输入用户名: heguangzhong
2025-08-24 19:09:37,960 - ERPLogin - INFO - 输入密码
2025-08-24 19:09:37,979 - ERPLogin - INFO - 验证码图片加载完成
2025-08-24 19:09:38,157 - ERPLogin - INFO - 验证码图片已保存到: D:\PyProject\AdminAssistent\captcha.png
2025-08-24 19:09:38,357 - ERPLogin - INFO - 自动识别验证码成功: HU6X
2025-08-24 19:09:38,433 - ERPLogin - INFO - 输入验证码: HU6X
2025-08-24 19:09:38,655 - ERPLogin - INFO - 点击登录按钮
2025-08-24 19:09:43,713 - ERPLogin - INFO - 找到登录成功标志元素: content
2025-08-24 19:09:43,714 - ERPLogin - INFO - 登录成功
2025-08-24 19:09:43,715 - ERPLoginMain - INFO - ERP登录成功
2025-08-24 19:09:43,716 - ERPLogin - INFO - 执行操作: navigate_to_page
2025-08-24 19:09:46,996 - ERPLogin - INFO - 导航到页面: http://erp.ex.cosmosource.com:24080/csom/index.html
2025-08-24 19:11:03,577 - ERPLogin - INFO - 已退出登录
2025-08-24 19:11:03,581 - urllib3.connectionpool - WARNING - Retrying (Retry(total=2, connect=None, read=None, redirect=None, status=None)) after connection broken by 'ConnectionResetError(10054, 'An existing connection was forcibly closed by the remote host', None, 10054, None)': /session/95ab8b304ec92482a68eb89883bbe0a9
2025-08-24 19:11:07,644 - urllib3.connectionpool - WARNING - Retrying (Retry(total=1, connect=None, read=None, redirect=None, status=None)) after connection broken by 'NewConnectionError('<urllib3.connection.HTTPConnection object at 0x000002EA2DCD6350>: Failed to establish a new connection: [WinError 10061] No connection could be made because the target machine actively refused it')': /session/95ab8b304ec92482a68eb89883bbe0a9
2025-08-24 19:11:11,712 - urllib3.connectionpool - WARNING - Retrying (Retry(total=0, connect=None, read=None, redirect=None, status=None)) after connection broken by 'NewConnectionError('<urllib3.connection.HTTPConnection object at 0x000002EA2DCD5590>: Failed to establish a new connection: [WinError 10061] No connection could be made because the target machine actively refused it')': /session/95ab8b304ec92482a68eb89883bbe0a9
2025-08-24 19:11:15,763 - ERPLogin - INFO - 浏览器已关闭
2025-08-24 21:50:03,604 - ERPLoginMain - INFO - 开始ERP登录演示
2025-08-24 21:50:03,605 - easyocr.easyocr - WARNING - Using CPU. Note: This module is much faster with a GPU.
2025-08-24 21:50:04,814 - ERPLogin - INFO - EasyOCR初始化成功
2025-08-24 21:50:04,815 - ERPLogin - INFO - 成功读取配置文件: base/conf/erp-config.json
2025-08-24 21:50:04,815 - ERPLogin - INFO - 成功读取元素ID配置文件: base/conf/erp-element-ids.json
2025-08-24 21:50:04,815 - ERPLogin - INFO - 最终使用的元素ID: {'username': 'userName', 'password': 'passWord', 'captcha': 'verify', 'captchaImg': 'code_img', 'loginBtn': 'btn', 'mainContent': 'content'}
2025-08-24 21:50:04,815 - WDM - INFO - ====== WebDriver manager ======
2025-08-24 21:50:05,641 - WDM - INFO - Get LATEST chromedriver version for google-chrome
2025-08-24 21:50:06,151 - WDM - INFO - Get LATEST chromedriver version for google-chrome
2025-08-24 21:50:06,726 - WDM - INFO - Driver [C:\Users\hgz_x1\.wdm\drivers\chromedriver\win64\139.0.7258.138\chromedriver-win32/chromedriver.exe] found in cache
2025-08-24 21:50:07,913 - ERPLogin - INFO - 浏览器驱动初始化成功
2025-08-24 21:50:08,222 - ERPLogin - INFO - 打开登录页面: http://erp.ex.cosmosource.com:24080/csom/index.html
2025-08-24 21:50:12,231 - ERPLogin - INFO - 输入用户名: heguangzhong
2025-08-24 21:50:12,309 - ERPLogin - INFO - 输入密码
2025-08-24 21:50:12,320 - ERPLogin - INFO - 验证码图片加载完成
2025-08-24 21:50:12,419 - ERPLogin - INFO - 验证码图片已保存到: D:\PyProject\AdminAssistent\captcha.png
2025-08-24 21:50:12,538 - ERPLogin - INFO - 自动识别验证码成功: PB9H
2025-08-24 21:50:12,585 - ERPLogin - INFO - 输入验证码: PB9H
2025-08-24 21:50:12,697 - ERPLogin - INFO - 点击登录按钮
2025-08-24 21:50:27,374 - ERPLogin - ERROR - 验证登录成功失败: ('Connection aborted.', ConnectionResetError(10054, 'An existing connection was forcibly closed by the remote host', None, 10054, None))
2025-08-24 21:50:27,375 - ERPLogin - ERROR - 登录失败
2025-08-24 21:50:27,375 - ERPLoginMain - ERROR - ERP登录失败
2025-08-24 21:50:31,435 - urllib3.connectionpool - WARNING - Retrying (Retry(total=2, connect=None, read=None, redirect=None, status=None)) after connection broken by 'NewConnectionError('<urllib3.connection.HTTPConnection object at 0x00000211772D5590>: Failed to establish a new connection: [WinError 10061] No connection could be made because the target machine actively refused it')': /session/572efc871adcbe196c79e6f01ef6feda
2025-08-24 21:50:35,506 - urllib3.connectionpool - WARNING - Retrying (Retry(total=1, connect=None, read=None, redirect=None, status=None)) after connection broken by 'NewConnectionError('<urllib3.connection.HTTPConnection object at 0x00000211772D6D50>: Failed to establish a new connection: [WinError 10061] No connection could be made because the target machine actively refused it')': /session/572efc871adcbe196c79e6f01ef6feda
2025-08-24 21:50:39,549 - urllib3.connectionpool - WARNING - Retrying (Retry(total=0, connect=None, read=None, redirect=None, status=None)) after connection broken by 'NewConnectionError('<urllib3.connection.HTTPConnection object at 0x000002117727A060>: Failed to establish a new connection: [WinError 10061] No connection could be made because the target machine actively refused it')': /session/572efc871adcbe196c79e6f01ef6feda
2025-08-24 21:50:43,621 - ERPLogin - INFO - 浏览器已关闭
2025-08-24 21:50:53,671 - ERPLoginMain - INFO - 开始ERP登录演示
2025-08-24 21:50:53,673 - easyocr.easyocr - WARNING - Using CPU. Note: This module is much faster with a GPU.
2025-08-24 21:50:55,486 - ERPLogin - INFO - EasyOCR初始化成功
2025-08-24 21:50:55,486 - ERPLogin - INFO - 成功读取配置文件: base/conf/erp-config.json
2025-08-24 21:50:55,487 - ERPLogin - INFO - 成功读取元素ID配置文件: base/conf/erp-element-ids.json
2025-08-24 21:50:55,487 - ERPLogin - INFO - 最终使用的元素ID: {'username': 'userName', 'password': 'passWord', 'captcha': 'verify', 'captchaImg': 'code_img', 'loginBtn': 'btn', 'mainContent': 'content'}
2025-08-24 21:50:55,487 - WDM - INFO - ====== WebDriver manager ======
2025-08-24 21:50:56,454 - WDM - INFO - Get LATEST chromedriver version for google-chrome
2025-08-24 21:50:57,139 - WDM - INFO - Get LATEST chromedriver version for google-chrome
2025-08-24 21:50:57,802 - WDM - INFO - Driver [C:\Users\hgz_x1\.wdm\drivers\chromedriver\win64\139.0.7258.138\chromedriver-win32/chromedriver.exe] found in cache
2025-08-24 21:50:59,040 - ERPLogin - INFO - 浏览器驱动初始化成功
2025-08-24 21:50:59,386 - ERPLogin - INFO - 打开登录页面: http://erp.ex.cosmosource.com:24080/csom/index.html
2025-08-24 21:51:02,543 - ERPLogin - INFO - 输入用户名: heguangzhong
2025-08-24 21:51:02,838 - ERPLogin - INFO - 输入密码
2025-08-24 21:51:02,855 - ERPLogin - INFO - 验证码图片加载完成
2025-08-24 21:51:03,012 - ERPLogin - INFO - 验证码图片已保存到: D:\PyProject\AdminAssistent\captcha.png
2025-08-24 21:51:03,214 - ERPLogin - INFO - 自动识别验证码成功: SBHI
2025-08-24 21:51:03,289 - ERPLogin - INFO - 输入验证码: SBHI
2025-08-24 21:51:03,513 - ERPLogin - INFO - 点击登录按钮
2025-08-24 21:51:08,536 - ERPLogin - INFO - 找到登录成功标志元素: content
2025-08-24 21:51:08,536 - ERPLogin - INFO - 登录成功
2025-08-24 21:51:08,536 - ERPLoginMain - INFO - ERP登录成功
2025-08-24 21:51:08,537 - ERPLogin - INFO - 执行操作: navigate_to_page
2025-08-24 21:51:11,650 - ERPLogin - INFO - 导航到页面: http://erp.ex.cosmosource.com:24080/csom/index.html
2025-08-24 21:51:16,956 - ERPLogin - INFO - 已退出登录
2025-08-24 21:51:19,144 - ERPLogin - INFO - 浏览器已关闭
2025-08-24 21:51:40,092 - ERPLoginMain - INFO - 开始ERP登录演示
2025-08-24 21:51:40,093 - easyocr.easyocr - WARNING - Using CPU. Note: This module is much faster with a GPU.
2025-08-24 21:51:42,262 - ERPLogin - INFO - EasyOCR初始化成功
2025-08-24 21:51:42,262 - ERPLogin - INFO - 成功读取配置文件: base/conf/erp-config.json
2025-08-24 21:51:42,263 - ERPLogin - INFO - 成功读取元素ID配置文件: base/conf/erp-element-ids.json
2025-08-24 21:51:42,263 - ERPLogin - INFO - 最终使用的元素ID: {'username': 'userName', 'password': 'passWord', 'captcha': 'verify', 'captchaImg': 'code_img', 'loginBtn': 'btn', 'mainContent': 'content'}
2025-08-24 21:51:42,264 - WDM - INFO - ====== WebDriver manager ======
2025-08-24 21:51:43,344 - WDM - INFO - Get LATEST chromedriver version for google-chrome
2025-08-24 21:51:43,930 - WDM - INFO - Get LATEST chromedriver version for google-chrome
2025-08-24 21:51:44,930 - WDM - INFO - Driver [C:\Users\hgz_x1\.wdm\drivers\chromedriver\win64\139.0.7258.138\chromedriver-win32/chromedriver.exe] found in cache
2025-08-24 21:51:46,101 - ERPLogin - INFO - 浏览器驱动初始化成功
2025-08-24 21:51:46,477 - ERPLogin - INFO - 打开登录页面: http://erp.ex.cosmosource.com:24080/csom/index.html
2025-08-24 21:51:49,623 - ERPLogin - INFO - 输入用户名: heguangzhong
2025-08-24 21:51:49,811 - ERPLogin - INFO - 输入密码
2025-08-24 21:51:49,845 - ERPLogin - INFO - 验证码图片加载完成
2025-08-24 21:51:50,012 - ERPLogin - INFO - 验证码图片已保存到: D:\PyProject\AdminAssistent\captcha.png
2025-08-24 21:51:50,351 - ERPLogin - INFO - 自动识别验证码成功: 6HRK
2025-08-24 21:51:50,453 - ERPLogin - INFO - 输入验证码: 6HRK
2025-08-24 21:51:50,732 - ERPLogin - INFO - 点击登录按钮
2025-08-24 21:51:55,757 - ERPLogin - INFO - 找到登录成功标志元素: content
2025-08-24 21:51:55,758 - ERPLogin - INFO - 登录成功
2025-08-24 21:51:55,758 - ERPLoginMain - INFO - ERP登录成功
2025-08-24 21:51:55,758 - ERPLogin - INFO - 执行操作: navigate_to_page
2025-08-24 21:51:58,935 - ERPLogin - INFO - 导航到页面: http://erp.ex.cosmosource.com:24080/csom/index.html
2025-08-24 21:52:58,433 - ERPLogin - INFO - 已退出登录
2025-08-24 21:53:00,483 - ERPLogin - INFO - 浏览器已关闭
2025-08-24 21:53:06,608 - ERPLoginMain - INFO - 开始ERP登录演示
2025-08-24 21:53:06,609 - easyocr.easyocr - WARNING - Using CPU. Note: This module is much faster with a GPU.
2025-08-24 21:53:07,680 - ERPLogin - INFO - EasyOCR初始化成功
2025-08-24 21:53:07,681 - ERPLogin - INFO - 成功读取配置文件: base/conf/erp-config.json
2025-08-24 21:53:07,681 - ERPLogin - INFO - 成功读取元素ID配置文件: base/conf/erp-element-ids.json
2025-08-24 21:53:07,681 - ERPLogin - INFO - 最终使用的元素ID: {'username': 'userName', 'password': 'passWord', 'captcha': 'verify', 'captchaImg': 'code_img', 'loginBtn': 'btn', 'mainContent': 'content'}
2025-08-24 21:53:07,681 - WDM - INFO - ====== WebDriver manager ======
2025-08-24 21:53:08,317 - WDM - INFO - Get LATEST chromedriver version for google-chrome
2025-08-24 21:53:08,779 - WDM - INFO - Get LATEST chromedriver version for google-chrome
2025-08-24 21:53:09,240 - WDM - INFO - Driver [C:\Users\hgz_x1\.wdm\drivers\chromedriver\win64\139.0.7258.138\chromedriver-win32/chromedriver.exe] found in cache
2025-08-24 21:53:10,294 - ERPLogin - INFO - 浏览器驱动初始化成功
2025-08-24 21:53:10,695 - ERPLogin - INFO - 打开登录页面: http://erp.ex.cosmosource.com:24080/csom/index.html
2025-08-24 21:53:14,126 - ERPLogin - INFO - 输入用户名: heguangzhong
2025-08-24 21:53:14,184 - ERPLogin - INFO - 输入密码
2025-08-24 21:53:14,195 - ERPLogin - INFO - 验证码图片加载完成
2025-08-24 21:53:14,284 - ERPLogin - INFO - 验证码图片已保存到: D:\PyProject\AdminAssistent\captcha.png
2025-08-24 21:53:14,385 - ERPLogin - INFO - 自动识别验证码成功: VZLR
2025-08-24 21:53:14,430 - ERPLogin - INFO - 输入验证码: VZLR
2025-08-24 21:53:14,536 - ERPLogin - INFO - 点击登录按钮
2025-08-24 21:53:19,540 - ERPLogin - ERROR - 验证登录成功失败: Message: invalid session id: session deleted as the browser has closed the connection
from disconnected: not connected to DevTools
  (Session info: chrome=139.0.7258.139); For documentation on this error, please visit: https://www.selenium.dev/documentation/webdriver/troubleshooting/errors#invalidsessionidexception
Stacktrace:
	GetHandleVerifier [0x0xc2ffc3+65331]
	GetHandleVerifier [0x0xc30004+65396]
	(No symbol) [0x0xa23f63]
	(No symbol) [0x0xa138e0]
	(No symbol) [0x0xa31709]
	(No symbol) [0x0xa97e4c]
	(No symbol) [0x0xab24d9]
	(No symbol) [0x0xa912d6]
	(No symbol) [0x0xa60910]
	(No symbol) [0x0xa61784]
	GetHandleVerifier [0x0xe738b3+2439203]
	GetHandleVerifier [0x0xe6eae2+2419282]
	GetHandleVerifier [0x0xc5712a+225434]
	GetHandleVerifier [0x0xc46e08+159096]
	GetHandleVerifier [0x0xc4dd5d+187597]
	GetHandleVerifier [0x0xc37ad8+96840]
	GetHandleVerifier [0x0xc37c62+97234]
	GetHandleVerifier [0x0xc2277a+9962]
	BaseThreadInitThunk [0x0x76645d49+25]
	RtlInitializeExceptionChain [0x0x771dd2fb+107]
	RtlGetAppContainerNamedObjectPath [0x0x771dd281+561]

2025-08-24 21:53:19,541 - ERPLogin - ERROR - 登录失败
2025-08-24 21:53:19,541 - ERPLoginMain - ERROR - ERP登录失败
2025-08-24 21:53:21,614 - ERPLogin - INFO - 浏览器已关闭
2025-08-24 21:53:48,255 - ERPLoginMain - INFO - 开始ERP登录演示
2025-08-24 21:53:48,256 - easyocr.easyocr - WARNING - Using CPU. Note: This module is much faster with a GPU.
2025-08-24 21:53:49,411 - ERPLogin - INFO - EasyOCR初始化成功
2025-08-24 21:53:49,412 - ERPLogin - INFO - 成功读取配置文件: base/conf/erp-config.json
2025-08-24 21:53:49,412 - ERPLogin - INFO - 成功读取元素ID配置文件: base/conf/erp-element-ids.json
2025-08-24 21:53:49,412 - ERPLogin - INFO - 最终使用的元素ID: {'username': 'userName', 'password': 'passWord', 'captcha': 'verify', 'captchaImg': 'code_img', 'loginBtn': 'btn', 'mainContent': 'content'}
2025-08-24 21:53:49,412 - WDM - INFO - ====== WebDriver manager ======
2025-08-24 21:53:50,163 - WDM - INFO - Get LATEST chromedriver version for google-chrome
2025-08-24 21:53:51,551 - WDM - INFO - Get LATEST chromedriver version for google-chrome
2025-08-24 21:53:52,022 - WDM - INFO - Driver [C:\Users\hgz_x1\.wdm\drivers\chromedriver\win64\139.0.7258.138\chromedriver-win32/chromedriver.exe] found in cache
2025-08-24 21:53:53,097 - ERPLogin - INFO - 浏览器驱动初始化成功
2025-08-24 21:53:53,491 - ERPLogin - INFO - 打开登录页面: http://erp.ex.cosmosource.com:24080/csom/index.html
2025-08-24 21:53:57,469 - ERPLogin - INFO - 输入用户名: heguangzhong
2025-08-24 21:53:57,534 - ERPLogin - INFO - 输入密码
2025-08-24 21:53:57,544 - ERPLogin - INFO - 验证码图片加载完成
2025-08-24 21:53:57,643 - ERPLogin - INFO - 验证码图片已保存到: D:\PyProject\AdminAssistent\captcha.png
2025-08-24 21:53:57,754 - ERPLogin - INFO - 自动识别验证码成功: GTM
2025-08-24 21:53:57,802 - ERPLogin - INFO - 输入验证码: GTM
2025-08-24 21:53:57,915 - ERPLogin - INFO - 点击登录按钮
2025-08-24 21:54:02,925 - ERPLogin - INFO - 找到登录成功标志元素: content
2025-08-24 21:54:02,926 - ERPLogin - INFO - 登录成功
2025-08-24 21:54:02,926 - ERPLoginMain - INFO - ERP登录成功
2025-08-24 21:54:02,926 - ERPLogin - INFO - 执行操作: navigate_to_page
2025-08-24 21:54:05,992 - ERPLogin - INFO - 导航到页面: http://erp.ex.cosmosource.com:24080/csom/index.html
2025-08-24 21:54:35,770 - ERPLogin - INFO - 已退出登录
2025-08-24 21:54:37,918 - ERPLogin - INFO - 浏览器已关闭
2025-08-24 21:54:42,455 - ERPLoginMain - INFO - 开始ERP登录演示
2025-08-24 21:54:42,456 - easyocr.easyocr - WARNING - Using CPU. Note: This module is much faster with a GPU.
2025-08-24 21:54:43,668 - ERPLogin - INFO - EasyOCR初始化成功
2025-08-24 21:54:43,668 - ERPLogin - INFO - 成功读取配置文件: base/conf/erp-config.json
2025-08-24 21:54:43,668 - ERPLogin - INFO - 成功读取元素ID配置文件: base/conf/erp-element-ids.json
2025-08-24 21:54:43,669 - ERPLogin - INFO - 最终使用的元素ID: {'username': 'userName', 'password': 'passWord', 'captcha': 'verify', 'captchaImg': 'code_img', 'loginBtn': 'btn', 'mainContent': 'content'}
2025-08-24 21:54:43,669 - WDM - INFO - ====== WebDriver manager ======
2025-08-24 21:54:44,479 - WDM - INFO - Get LATEST chromedriver version for google-chrome
2025-08-24 21:54:44,980 - WDM - INFO - Get LATEST chromedriver version for google-chrome
2025-08-24 21:54:45,505 - WDM - INFO - Driver [C:\Users\hgz_x1\.wdm\drivers\chromedriver\win64\139.0.7258.138\chromedriver-win32/chromedriver.exe] found in cache
2025-08-24 21:54:46,566 - ERPLogin - INFO - 浏览器驱动初始化成功
2025-08-24 21:54:46,919 - ERPLogin - INFO - 打开登录页面: http://erp.ex.cosmosource.com:24080/csom/index.html
2025-08-24 21:54:50,202 - ERPLogin - INFO - 输入用户名: heguangzhong
2025-08-24 21:54:50,269 - ERPLogin - INFO - 输入密码
2025-08-24 21:54:50,279 - ERPLogin - INFO - 验证码图片加载完成
2025-08-24 21:54:50,393 - ERPLogin - INFO - 验证码图片已保存到: D:\PyProject\AdminAssistent\captcha.png
2025-08-24 21:54:50,517 - ERPLogin - INFO - 自动识别验证码成功: JALY
2025-08-24 21:54:50,564 - ERPLogin - INFO - 输入验证码: JALY
2025-08-24 21:54:50,685 - ERPLogin - INFO - 点击登录按钮
2025-08-24 21:54:55,700 - ERPLogin - INFO - 找到登录成功标志元素: content
2025-08-24 21:54:55,700 - ERPLogin - INFO - 登录成功
2025-08-24 21:54:55,700 - ERPLoginMain - INFO - ERP登录成功
2025-08-24 21:54:55,700 - ERPLogin - INFO - 执行操作: navigate_to_page
2025-08-24 21:54:58,771 - ERPLogin - INFO - 导航到页面: http://erp.ex.cosmosource.com:24080/csom/index.html
